[debug] [2025-07-09T15:01:20.958Z] ----------------------------------------------------------------------
[debug] [2025-07-09T15:01:20.961Z] Command:       C:\Program Files\nodejs\node.exe C:\Users\ASUS\AppData\Roaming\npm\node_modules\firebase-tools\lib\bin\firebase.js init
[debug] [2025-07-09T15:01:20.962Z] CLI Version:   14.9.0
[debug] [2025-07-09T15:01:20.962Z] Platform:      win32
[debug] [2025-07-09T15:01:20.962Z] Node Version:  v22.14.0
[debug] [2025-07-09T15:01:20.962Z] Time:          Wed Jul 09 2025 20:31:20 GMT+0530 (India Standard Time)
[debug] [2025-07-09T15:01:20.962Z] ----------------------------------------------------------------------
[debug] 
[debug] [2025-07-09T15:01:20.969Z] > command requires scopes: ["email","openid","https://www.googleapis.com/auth/cloudplatformprojects.readonly","https://www.googleapis.com/auth/firebase","https://www.googleapis.com/auth/cloud-platform"]
[debug] [2025-07-09T15:01:20.969Z] > authorizing via signed-in user (jitheshpshetty14@gmail.com)
[info] 
     ######## #### ########  ######## ########     ###     ######  ########
     ##        ##  ##     ## ##       ##     ##  ##   ##  ##       ##
     ######    ##  ########  ######   ########  #########  ######  ######
     ##        ##  ##    ##  ##       ##     ## ##     ##       ## ##
     ##       #### ##     ## ######## ########  ##     ##  ######  ########

You're about to initialize a Firebase project in this directory:

  C:\Users\ASUS\OneDrive\Documents

[info] 
=== Project Setup
[info] 
[info] First, let's associate this project directory with a Firebase project.
[info] You can create multiple project aliases by running firebase use --add, 
[info] but for now we'll just set up a default project.
[info] 
[debug] [2025-07-09T15:01:29.657Z] Checked if tokens are valid: true, expires at: 1752076678226
[debug] [2025-07-09T15:01:29.657Z] Checked if tokens are valid: true, expires at: 1752076678226
[debug] [2025-07-09T15:01:29.661Z] >>> [apiv2][query] GET https://firebase.googleapis.com/v1beta1/projects pageSize=100
[debug] [2025-07-09T15:01:30.908Z] <<< [apiv2][status] GET https://firebase.googleapis.com/v1beta1/projects 200
[debug] [2025-07-09T15:01:30.909Z] <<< [apiv2][body] GET https://firebase.googleapis.com/v1beta1/projects [omitted]
[debug] [2025-07-09T15:01:38.060Z] ExitPromptError: User force closed the prompt with SIGINT
    at Interface.sigint (C:\Users\ASUS\AppData\Roaming\npm\node_modules\firebase-tools\node_modules\@inquirer\core\dist\commonjs\lib\create-prompt.js:101:37)
    at Interface.emit (node:events:518:28)
    at Interface.emit (node:domain:489:12)
    at [_ttyWrite] [as _ttyWrite] (node:internal/readline/interface:1124:18)
    at ReadStream.onkeypress (node:internal/readline/interface:263:20)
    at ReadStream.emit (node:events:530:35)
    at ReadStream.emit (node:domain:489:12)
    at emitKeys (node:internal/readline/utils:370:14)
    at emitKeys.next (<anonymous>)
    at ReadStream.onData (node:internal/readline/emitKeypressEvents:64:36)
[error] 
[error] Error: An unexpected error has occurred.
